<?xml version="1.0" encoding="UTF-8" ?>
<testsuite tests="156" failures="0" name="org.springframework.data.jpa.repository.UserRepositoryTests" time="2.172" errors="0" skipped="2">
  <properties>
    <property name="java.runtime.name" value="Java(TM) SE Runtime Environment"/>
    <property name="sun.boot.library.path" value="C:\Program Files\Java\jdk1.8.0_60\jre\bin"/>
    <property name="java.vm.version" value="25.60-b23"/>
    <property name="java.vm.vendor" value="Oracle Corporation"/>
    <property name="java.vendor.url" value="http://java.oracle.com/"/>
    <property name="path.separator" value=";"/>
    <property name="guice.disable.misplaced.annotation.check" value="true"/>
    <property name="java.vm.name" value="Java HotSpot(TM) 64-Bit Server VM"/>
    <property name="file.encoding.pkg" value="sun.io"/>
    <property name="user.script" value=""/>
    <property name="user.country" value="US"/>
    <property name="sun.java.launcher" value="SUN_STANDARD"/>
    <property name="sun.os.patch.level" value="Service Pack 1"/>
    <property name="java.vm.specification.name" value="Java Virtual Machine Specification"/>
    <property name="user.dir" value="C:\Users\sanant\git\spring-data-jpa"/>
    <property name="java.runtime.version" value="1.8.0_60-b27"/>
    <property name="java.awt.graphicsenv" value="sun.awt.Win32GraphicsEnvironment"/>
    <property name="java.endorsed.dirs" value="C:\Program Files\Java\jdk1.8.0_60\jre\lib\endorsed"/>
    <property name="os.arch" value="amd64"/>
    <property name="java.io.tmpdir" value="C:\Users\sanant\AppData\Local\Temp\"/>
    <property name="line.separator" value="
"/>
    <property name="java.vm.specification.vendor" value="Oracle Corporation"/>
    <property name="user.variant" value=""/>
    <property name="os.name" value="Windows 7"/>
    <property name="classworlds.conf" value="D:\workspace-sts-3.6.3.RELEASE\.metadata\.plugins\org.eclipse.m2e.launching\launches\m2conf8842090307468302321.tmp"/>
    <property name="sun.jnu.encoding" value="Cp1252"/>
    <property name="java.library.path" value="C:\Program Files\Java\jdk1.8.0_60\bin;C:\Windows\Sun\Java\bin;C:\Windows\system32;C:\Windows;C:/Program Files/Java/jre1.8.0_60/bin/server;C:/Program Files/Java/jre1.8.0_60/bin;C:/Program Files/Java/jre1.8.0_60/lib/amd64;C:\Program Files (x86)\Mozilla Firefox;C:\ProgramData\Oracle\Java\javapath;C:\Windows\SYSTEM32;C:\Windows;C:\Windows\SYSTEM32\WBEM;C:\Windows\SYSTEM32\WINDOWSPOWERSHELL\V1.0\;c:\Program Files\Intel\WiFi\bin\;c:\Program Files\Common Files\Intel\WirelessCommon\;C:\Program Files (x86)\Common Files\lenovo\easyplussdk\bin;C:\Program Files\Intel\WiFi\bin\;C:\Program Files\Common Files\Intel\WirelessCommon\;C:\Java\jdk1.7.0_21\bin;C:\Java\jre7\bin;C:\Java\jre7\bin\client\jvm.dll;C:\Program Files\nodejs\;C:\Program Files\Intel\WiFi\bin\;C:\Program Files\Common Files\Intel\WirelessCommon\;C:\Java\jdk1.7.0_21\bin;C:\Java\jre7\bin;C:\Java\jre7\bin\client\jvm.dll;D:\software\gradle-2.10-all\gradle-2.10\bin;C:\Users\sanant\AppData\Roaming\npm:D:\software\apache-maven-3.3.9-bin\apache-maven-3.3.9\bin;D:\software\spring-boot-cli-1.3.3.RELEASE-bin\spring-1.3.3.RELEASE\bin;;D:\sts-bundle\sts-3.6.3.RELEASE;;."/>
    <property name="java.specification.name" value="Java Platform API Specification"/>
    <property name="java.class.version" value="52.0"/>
    <property name="sun.management.compiler" value="HotSpot 64-Bit Tiered Compilers"/>
    <property name="os.version" value="6.1"/>
    <property name="user.home" value="C:\Users\sanant"/>
    <property name="user.timezone" value="Asia/Calcutta"/>
    <property name="java.awt.printerjob" value="sun.awt.windows.WPrinterJob"/>
    <property name="java.specification.version" value="1.8"/>
    <property name="file.encoding" value="Cp1252"/>
    <property name="user.name" value="sanant"/>
    <property name="java.class.path" value="/D:/sts-bundle/sts-3.6.3.RELEASE/plugins/org.eclipse.m2e.maven.runtime_1.5.0.20140605-2032/jars/plexus-classworlds-2.5.1.jar"/>
    <property name="org.slf4j.simpleLogger.defaultLogLevel" value="info"/>
    <property name="java.vm.specification.version" value="1.8"/>
    <property name="sun.arch.data.model" value="64"/>
    <property name="java.home" value="C:\Program Files\Java\jdk1.8.0_60\jre"/>
    <property name="sun.java.command" value="org.codehaus.plexus.classworlds.launcher.Launcher -B install"/>
    <property name="java.specification.vendor" value="Oracle Corporation"/>
    <property name="user.language" value="en"/>
    <property name="awt.toolkit" value="sun.awt.windows.WToolkit"/>
    <property name="java.vm.info" value="mixed mode"/>
    <property name="java.version" value="1.8.0_60"/>
    <property name="java.ext.dirs" value="C:\Program Files\Java\jdk1.8.0_60\jre\lib\ext;C:\Windows\Sun\Java\lib\ext"/>
    <property name="sun.boot.class.path" value="C:\Program Files\Java\jdk1.8.0_60\jre\lib\resources.jar;C:\Program Files\Java\jdk1.8.0_60\jre\lib\rt.jar;C:\Program Files\Java\jdk1.8.0_60\jre\lib\sunrsasign.jar;C:\Program Files\Java\jdk1.8.0_60\jre\lib\jsse.jar;C:\Program Files\Java\jdk1.8.0_60\jre\lib\jce.jar;C:\Program Files\Java\jdk1.8.0_60\jre\lib\charsets.jar;C:\Program Files\Java\jdk1.8.0_60\jre\lib\jfr.jar;C:\Program Files\Java\jdk1.8.0_60\jre\classes"/>
    <property name="java.vendor" value="Oracle Corporation"/>
    <property name="maven.home" value="C:\Users\sanant\git\spring-data-jpa\EMBEDDED"/>
    <property name="file.separator" value="\"/>
    <property name="java.vendor.url.bug" value="http://bugreport.sun.com/bugreport/"/>
    <property name="sun.cpu.endian" value="little"/>
    <property name="sun.io.unicode.encoding" value="UnicodeLittle"/>
    <property name="sun.desktop" value="windows"/>
    <property name="sun.cpu.isalist" value="amd64"/>
  </properties>
  <testcase classname="org.springframework.data.jpa.repository.UserRepositoryTests" name="executesCombinedSpecificationsCorrectly" time="0.016"/>
  <testcase classname="org.springframework.data.jpa.repository.UserRepositoryTests" name="bindsSortingToOuterJoinCorrectly" time="0.016"/>
  <testcase classname="org.springframework.data.jpa.repository.UserRepositoryTests" name="testCascadesPersisting" time="0.014"/>
  <testcase classname="org.springframework.data.jpa.repository.UserRepositoryTests" name="deletesAUserById" time="0.013"/>
  <testcase classname="org.springframework.data.jpa.repository.UserRepositoryTests" name="deleteByShouldReturnListOfDeletedElementsWhenRetunTypeIsCollectionLike" time="0.016"/>
  <testcase classname="org.springframework.data.jpa.repository.UserRepositoryTests" name="find3YoungestUsersPageableWithPageSize2" time="0.015"/>
  <testcase classname="org.springframework.data.jpa.repository.UserRepositoryTests" name="findByEmptyArrayOfIntegers" time="0.015"/>
  <testcase classname="org.springframework.data.jpa.repository.UserRepositoryTests" name="executesFinderWithAfterKeywordCorrectly" time="0.014"/>
  <testcase classname="org.springframework.data.jpa.repository.UserRepositoryTests" name="sortByAssociationPropertyInPageableShouldUseLeftOuterJoin" time="0.016"/>
  <testcase classname="org.springframework.data.jpa.repository.UserRepositoryTests" name="find3YoungestUsersPageableWithPageSize2Sliced" time="0.013"/>
  <testcase classname="org.springframework.data.jpa.repository.UserRepositoryTests" name="shouldFindUsersInNativeQueryWithPagination" time="0.016"/>
  <testcase classname="org.springframework.data.jpa.repository.UserRepositoryTests" name="executesPagedSpecificationsWithSortCorrectly" time="0.016"/>
  <testcase classname="org.springframework.data.jpa.repository.UserRepositoryTests" name="shouldfindUsersByFirstnameForSpELExpressionWithParameterNameVariableReference" time="0.012"/>
  <testcase classname="org.springframework.data.jpa.repository.UserRepositoryTests" name="throwsExceptionForUnderSpecifiedSingleEntitySpecification" time="0.013"/>
  <testcase classname="org.springframework.data.jpa.repository.UserRepositoryTests" name="findBinaryDataByIdJpaQl" time="0.013">
    <skipped/>
  </testcase>
  <testcase classname="org.springframework.data.jpa.repository.UserRepositoryTests" name="invokesQueryWithVarargsParametersCorrectly" time="0.014"/>
  <testcase classname="org.springframework.data.jpa.repository.UserRepositoryTests" name="deleteByShouldReturnZeroInCaseNoEntityHasBeenRemovedAndReturnTypeIsNumber" time="0.016"/>
  <testcase classname="org.springframework.data.jpa.repository.UserRepositoryTests" name="findByAgeWithEmptyArrayOfIntegersOrFirstName" time="0.015"/>
  <testcase classname="org.springframework.data.jpa.repository.UserRepositoryTests" name="sortByAssociationPropertyShouldUseLeftOuterJoin" time="0.013"/>
  <testcase classname="org.springframework.data.jpa.repository.UserRepositoryTests" name="testCreation" time="0.013"/>
  <testcase classname="org.springframework.data.jpa.repository.UserRepositoryTests" name="executesPagedSpecificationsCorrectly" time="0.012"/>
  <testcase classname="org.springframework.data.jpa.repository.UserRepositoryTests" name="shouldFindCurrentUserWithCustomQueryDependingOnSecurityContext" time="0.013"/>
  <testcase classname="org.springframework.data.jpa.repository.UserRepositoryTests" name="existReturnsWhetherAnEntityCanBeLoaded" time="0.015"/>
  <testcase classname="org.springframework.data.jpa.repository.UserRepositoryTests" name="findAllByExampleWithEmptyProbe" time="0.012"/>
  <testcase classname="org.springframework.data.jpa.repository.UserRepositoryTests" name="readsPageWithGroupByClauseCorrectly" time="0.014"/>
  <testcase classname="org.springframework.data.jpa.repository.UserRepositoryTests" name="doesNotDropNullValuesOnPagedSpecificationExecution" time="0.016"/>
  <testcase classname="org.springframework.data.jpa.repository.UserRepositoryTests" name="shouldGenerateLeftOuterJoinInfindAllWithPaginationAndSortOnNestedPropertyPath" time="0.014"/>
  <testcase classname="org.springframework.data.jpa.repository.UserRepositoryTests" name="testReadByIdReturnsNullForNotFoundEntities" time="0.012"/>
  <testcase classname="org.springframework.data.jpa.repository.UserRepositoryTests" name="executesAnnotatedCollectionMethodCorrectly" time="0.012">
    <skipped/>
  </testcase>
  <testcase classname="org.springframework.data.jpa.repository.UserRepositoryTests" name="findAllByNullExample" time="0.01"/>
  <testcase classname="org.springframework.data.jpa.repository.UserRepositoryTests" name="sortByNestedAssociationPropertyWithSortOrderIgnoreCaseInPageable" time="0.015"/>
  <testcase classname="org.springframework.data.jpa.repository.UserRepositoryTests" name="deleteColletionOfEntities" time="0.014"/>
  <testcase classname="org.springframework.data.jpa.repository.UserRepositoryTests" name="executesDerivedCountQueryToInt" time="0.013"/>
  <testcase classname="org.springframework.data.jpa.repository.UserRepositoryTests" name="findAllByExampleWithSort" time="0.015"/>
  <testcase classname="org.springframework.data.jpa.repository.UserRepositoryTests" name="testUsesQueryAnnotation" time="0.011"/>
  <testcase classname="org.springframework.data.jpa.repository.UserRepositoryTests" name="findAllByUntypedExampleShouldReturnSubTypesOfRepositoryEntity" time="0.014"/>
  <testcase classname="org.springframework.data.jpa.repository.UserRepositoryTests" name="deleteByShouldRemoveElementsMatchingDerivedQuery" time="0.012"/>
  <testcase classname="org.springframework.data.jpa.repository.UserRepositoryTests" name="executesFinderWithTrueKeywordCorrectly" time="0.014"/>
  <testcase classname="org.springframework.data.jpa.repository.UserRepositoryTests" name="testFindByLastname" time="0.012"/>
  <testcase classname="org.springframework.data.jpa.repository.UserRepositoryTests" name="testRead" time="0.012"/>
  <testcase classname="org.springframework.data.jpa.repository.UserRepositoryTests" name="testOverwritingFinder" time="0.01"/>
  <testcase classname="org.springframework.data.jpa.repository.UserRepositoryTests" name="executesLessThatOrEqualQueriesCorrectly" time="0.013"/>
  <testcase classname="org.springframework.data.jpa.repository.UserRepositoryTests" name="findBinaryDataByIdNative" time="0.014"/>
  <testcase classname="org.springframework.data.jpa.repository.UserRepositoryTests" name="executesFinderWithEndingWithCorrectly" time="0.016"/>
  <testcase classname="org.springframework.data.jpa.repository.UserRepositoryTests" name="executesManualQueryWithNamedLikeExpressionCorrectly" time="0.019"/>
  <testcase classname="org.springframework.data.jpa.repository.UserRepositoryTests" name="testExecutionOfProjectingMethod" time="0.016"/>
  <testcase classname="org.springframework.data.jpa.repository.UserRepositoryTests" name="findOneByExampleWithExcludedAttributes" time="0.029"/>
  <testcase classname="org.springframework.data.jpa.repository.UserRepositoryTests" name="findAllByExampleWithStringMatcherAndIgnoreCase" time="0.032"/>
  <testcase classname="org.springframework.data.jpa.repository.UserRepositoryTests" name="shouldFindUsersByAgeForSpELExpression" time="0.013"/>
  <testcase classname="org.springframework.data.jpa.repository.UserRepositoryTests" name="testFindByEmailAddress" time="0.012"/>
  <testcase classname="org.springframework.data.jpa.repository.UserRepositoryTests" name="executesNotLikeCorrectly" time="0.014"/>
  <testcase classname="org.springframework.data.jpa.repository.UserRepositoryTests" name="executesSingleEntitySpecificationCorrectly" time="0.013"/>
  <testcase classname="org.springframework.data.jpa.repository.UserRepositoryTests" name="executesNativeQueryCorrectly" time="0.013"/>
  <testcase classname="org.springframework.data.jpa.repository.UserRepositoryTests" name="executesFinderWithBeforeKeywordCorrectly" time="0.013"/>
  <testcase classname="org.springframework.data.jpa.repository.UserRepositoryTests" name="executesManuallyDefinedQueryWithFieldProjection" time="0.012"/>
  <testcase classname="org.springframework.data.jpa.repository.UserRepositoryTests" name="executesFinderWithOrderClauseOnly" time="0.014"/>
  <testcase classname="org.springframework.data.jpa.repository.UserRepositoryTests" name="findAllByExampleWithAssociation" time="0.016"/>
  <testcase classname="org.springframework.data.jpa.repository.UserRepositoryTests" name="executesLikeAndOrderByCorrectly" time="0.013"/>
  <testcase classname="org.springframework.data.jpa.repository.UserRepositoryTests" name="findAllByExampleShouldNotAllowCyclesOverSeveralInstances" time="0.012"/>
  <testcase classname="org.springframework.data.jpa.repository.UserRepositoryTests" name="invokesQueryWithWrapperType" time="0.014"/>
  <testcase classname="org.springframework.data.jpa.repository.UserRepositoryTests" name="customFindByQueryWithPositionalVarargsParameters" time="0.013"/>
  <testcase classname="org.springframework.data.jpa.repository.UserRepositoryTests" name="shouldFindUserByLastnameWithSpelExpressionInStringBasedQuery" time="0.013"/>
  <testcase classname="org.springframework.data.jpa.repository.UserRepositoryTests" name="executesPagedSpecificationWithSortCorrectly2" time="0.013"/>
  <testcase classname="org.springframework.data.jpa.repository.UserRepositoryTests" name="executesMethodWithAnnotatedNamedParametersCorrectly" time="0.011"/>
  <testcase classname="org.springframework.data.jpa.repository.UserRepositoryTests" name="findAllByTypedSpecialUserExampleShouldReturnSubTypesOfRepositoryEntity" time="0.013"/>
  <testcase classname="org.springframework.data.jpa.repository.UserRepositoryTests" name="findsAllByGivenIds" time="0.013"/>
  <testcase classname="org.springframework.data.jpa.repository.UserRepositoryTests" name="executesCombinedSpecificationsWithPageableCorrectly" time="0.012"/>
  <testcase classname="org.springframework.data.jpa.repository.UserRepositoryTests" name="shouldSupportModifyingQueryWithVarArgs" time="0.015"/>
  <testcase classname="org.springframework.data.jpa.repository.UserRepositoryTests" name="sortByEmbeddedProperty" time="0.018"/>
  <testcase classname="org.springframework.data.jpa.repository.UserRepositoryTests" name="executesSpecificationCorrectly" time="0.01"/>
  <testcase classname="org.springframework.data.jpa.repository.UserRepositoryTests" name="deleteAll" time="0.013"/>
  <testcase classname="org.springframework.data.jpa.repository.UserRepositoryTests" name="find2OldestUsers" time="0.014"/>
  <testcase classname="org.springframework.data.jpa.repository.UserRepositoryTests" name="allowsExecutingPageableMethodWithNullPageable" time="0.014"/>
  <testcase classname="org.springframework.data.jpa.repository.UserRepositoryTests" name="findAllByExampleWithIncludeNull" time="0.015"/>
  <testcase classname="org.springframework.data.jpa.repository.UserRepositoryTests" name="handlesIterableOfIdsCorrectly" time="0.012"/>
  <testcase classname="org.springframework.data.jpa.repository.UserRepositoryTests" name="testMergingCascadesCollegueas" time="0.028"/>
  <testcase classname="org.springframework.data.jpa.repository.UserRepositoryTests" name="executesFindByColleaguesLastnameCorrectly" time="0.02"/>
  <testcase classname="org.springframework.data.jpa.repository.UserRepositoryTests" name="executesFinderWithContainingCorrectly" time="0.008"/>
  <testcase classname="org.springframework.data.jpa.repository.UserRepositoryTests" name="executesMethodWithNamedParametersCorrectlyOnMethodsWithQueryCreation" time="0.01"/>
  <testcase classname="org.springframework.data.jpa.repository.UserRepositoryTests" name="executesDerivedCountQueryToLong" time="0.012"/>
  <testcase classname="org.springframework.data.jpa.repository.UserRepositoryTests" name="shouldfindUsersBySpELExpressionParametersWithSpelTemplateExpression" time="0.012"/>
  <testcase classname="org.springframework.data.jpa.repository.UserRepositoryTests" name="findByEmptyCollectionOfIntegers" time="0.012"/>
  <testcase classname="org.springframework.data.jpa.repository.UserRepositoryTests" name="shouldSupportJava8StreamsForRepositoryFinderMethods" time="0.012"/>
  <testcase classname="org.springframework.data.jpa.repository.UserRepositoryTests" name="returnsSamePageIfNoSpecGiven" time="0.014"/>
  <testcase classname="org.springframework.data.jpa.repository.UserRepositoryTests" name="findYoungestUser" time="0.012"/>
  <testcase classname="org.springframework.data.jpa.repository.UserRepositoryTests" name="find2YoungestUsers" time="0.013"/>
  <testcase classname="org.springframework.data.jpa.repository.UserRepositoryTests" name="findsUserByBinaryDataReference" time="0.014"/>
  <testcase classname="org.springframework.data.jpa.repository.UserRepositoryTests" name="shouldFindByFirstnameAndCurrentUserWithCustomQuery" time="0.013"/>
  <testcase classname="org.springframework.data.jpa.repository.UserRepositoryTests" name="findAllByTypedUserExampleShouldReturnSubTypesOfRepositoryEntity" time="0.019"/>
  <testcase classname="org.springframework.data.jpa.repository.UserRepositoryTests" name="executesManualQueryWithPositionLikeExpressionCorrectly" time="0.013"/>
  <testcase classname="org.springframework.data.jpa.repository.UserRepositoryTests" name="executesNativeQueryForNonEntitiesCorrectly" time="0.013"/>
  <testcase classname="org.springframework.data.jpa.repository.UserRepositoryTests" name="testInvocationOfCustomImplementation" time="0.009"/>
  <testcase classname="org.springframework.data.jpa.repository.UserRepositoryTests" name="findAllByExampleWithEndingStringMatcher" time="0.014"/>
  <testcase classname="org.springframework.data.jpa.repository.UserRepositoryTests" name="saveAndFlushShouldSupportReturningSubTypesOfRepositoryEntity" time="0.014"/>
  <testcase classname="org.springframework.data.jpa.repository.UserRepositoryTests" name="looksUpEntityReference" time="0.013"/>
  <testcase classname="org.springframework.data.jpa.repository.UserRepositoryTests" name="executesFindByNotNullLastnameCorrectly" time="0.023"/>
  <testcase classname="org.springframework.data.jpa.repository.UserRepositoryTests" name="findAllByExampleWithIgnoreCase" time="0.004"/>
  <testcase classname="org.springframework.data.jpa.repository.UserRepositoryTests" name="findPaginatedExplicitQueryWithCountQueryProjection" time="0.012"/>
  <testcase classname="org.springframework.data.jpa.repository.UserRepositoryTests" name="findsUsersBySpringDataNamedQuery" time="0.012"/>
  <testcase classname="org.springframework.data.jpa.repository.UserRepositoryTests" name="findsSortedByLastname" time="0.013"/>
  <testcase classname="org.springframework.data.jpa.repository.UserRepositoryTests" name="executesSimpleNotCorrectly" time="0.015"/>
  <testcase classname="org.springframework.data.jpa.repository.UserRepositoryTests" name="batchDeleteColletionOfEntities" time="0.015"/>
  <testcase classname="org.springframework.data.jpa.repository.UserRepositoryTests" name="find2YoungestUsersPageableWithPageSize3" time="0.015"/>
  <testcase classname="org.springframework.data.jpa.repository.UserRepositoryTests" name="executesFinderWithStartingWithCorrectly" time="0.01"/>
  <testcase classname="org.springframework.data.jpa.repository.UserRepositoryTests" name="shouldFindBySpELExpressionWithoutArgumentsWithColon" time="0.012"/>
  <testcase classname="org.springframework.data.jpa.repository.UserRepositoryTests" name="returnsAllSortedCorrectly" time="0.013"/>
  <testcase classname="org.springframework.data.jpa.repository.UserRepositoryTests" name="executesFindByNullLastnameCorrectly" time="0.014"/>
  <testcase classname="org.springframework.data.jpa.repository.UserRepositoryTests" name="findAllByExampleWithExcludedAttributes" time="0.012"/>
  <testcase classname="org.springframework.data.jpa.repository.UserRepositoryTests" name="testReadAll" time="0.012"/>
  <testcase classname="org.springframework.data.jpa.repository.UserRepositoryTests" name="returnsAllAsPageIfNoPageableIsGiven" time="0.012"/>
  <testcase classname="org.springframework.data.jpa.repository.UserRepositoryTests" name="deleteByShouldReturnEmptyListInCaseNoEntityHasBeenRemovedAndReturnTypeIsCollectionLike" time="0.012"/>
  <testcase classname="org.springframework.data.jpa.repository.UserRepositoryTests" name="executesQueryMethodWithDeepTraversalCorrectly" time="0.015"/>
  <testcase classname="org.springframework.data.jpa.repository.UserRepositoryTests" name="findAllByExample" time="0.013"/>
  <testcase classname="org.springframework.data.jpa.repository.UserRepositoryTests" name="findAllReturnsEmptyIterableIfNoIdsGiven" time="0.01"/>
  <testcase classname="org.springframework.data.jpa.repository.UserRepositoryTests" name="customFindByQueryWithNamedVarargsParameters" time="0.013"/>
  <testcase classname="org.springframework.data.jpa.repository.UserRepositoryTests" name="executesManipulatingQuery" time="0.013"/>
  <testcase classname="org.springframework.data.jpa.repository.UserRepositoryTests" name="shouldSupportJava8StreamsForRepositoryDerivedFinderMethods" time="0.013"/>
  <testcase classname="org.springframework.data.jpa.repository.UserRepositoryTests" name="findAllByExampleWithPropertySpecifier" time="0.012"/>
  <testcase classname="org.springframework.data.jpa.repository.UserRepositoryTests" name="find2YoungestUsersPageableWithPageSize3Sliced" time="0.012"/>
  <testcase classname="org.springframework.data.jpa.repository.UserRepositoryTests" name="ordersByReferencedEntityCorrectly" time="0.015"/>
  <testcase classname="org.springframework.data.jpa.repository.UserRepositoryTests" name="returnsSameListIfNoSpecGiven" time="0.012"/>
  <testcase classname="org.springframework.data.jpa.repository.UserRepositoryTests" name="findAllByExampleShouldNotAllowCycles" time="0.018"/>
  <testcase classname="org.springframework.data.jpa.repository.UserRepositoryTests" name="existsByExampleWithExcludedAttributes" time="0.006"/>
  <testcase classname="org.springframework.data.jpa.repository.UserRepositoryTests" name="savingNullCollectionIsNoOp" time="0.011"/>
  <testcase classname="org.springframework.data.jpa.repository.UserRepositoryTests" name="returnsNullIfNoEntityFoundForSingleEntitySpecification" time="0.013"/>
  <testcase classname="org.springframework.data.jpa.repository.UserRepositoryTests" name="executesNegatingSpecificationCorrectly" time="0.013"/>
  <testcase classname="org.springframework.data.jpa.repository.UserRepositoryTests" name="executesGreaterThatOrEqualQueriesCorrectly" time="0.054"/>
  <testcase classname="org.springframework.data.jpa.repository.UserRepositoryTests" name="savingEmptyCollectionIsNoOp" time="0.008"/>
  <testcase classname="org.springframework.data.jpa.repository.UserRepositoryTests" name="deleteByShouldReturnNumberOfEntitiesRemovedIfReturnTypeIsLong" time="0.015"/>
  <testcase classname="org.springframework.data.jpa.repository.UserRepositoryTests" name="removeDetachedObject" time="0.013"/>
  <testcase classname="org.springframework.data.jpa.repository.UserRepositoryTests" name="testDelete" time="0.012"/>
  <testcase classname="org.springframework.data.jpa.repository.UserRepositoryTests" name="shouldFindBySpELExpressionWithoutArgumentsWithQuestionmark" time="0.013"/>
  <testcase classname="org.springframework.data.jpa.repository.UserRepositoryTests" name="savesCollectionCorrectly" time="0.013"/>
  <testcase classname="org.springframework.data.jpa.repository.UserRepositoryTests" name="sortByNestedAssociationPropertyWithSortInPageable" time="0.019"/>
  <testcase classname="org.springframework.data.jpa.repository.UserRepositoryTests" name="findAllByExampleWithRegexStringMatcher" time="0.011"/>
  <testcase classname="org.springframework.data.jpa.repository.UserRepositoryTests" name="testCountsCorrectly" time="0.011"/>
  <testcase classname="org.springframework.data.jpa.repository.UserRepositoryTests" name="shouldFindUserByFirstnameAndLastnameWithSpelExpressionInStringBasedQuery" time="0.012"/>
  <testcase classname="org.springframework.data.jpa.repository.UserRepositoryTests" name="findAllByExampleWithEmbedded" time="0.015"/>
  <testcase classname="org.springframework.data.jpa.repository.UserRepositoryTests" name="findAllByExampleWithPageable" time="0.031"/>
  <testcase classname="org.springframework.data.jpa.repository.UserRepositoryTests" name="returnsAllIgnoreCaseSortedCorrectly" time="0.015"/>
  <testcase classname="org.springframework.data.jpa.repository.UserRepositoryTests" name="shouldfindUsersByFirstnameForSpELExpressionOnlyWithParameterIndexReference" time="0.012"/>
  <testcase classname="org.springframework.data.jpa.repository.UserRepositoryTests" name="countByExampleWithExcludedAttributes" time="0.013"/>
  <testcase classname="org.springframework.data.jpa.repository.UserRepositoryTests" name="testUpdate" time="0.012"/>
  <testcase classname="org.springframework.data.jpa.repository.UserRepositoryTests" name="deleteAllInBatch" time="0.014"/>
  <testcase classname="org.springframework.data.jpa.repository.UserRepositoryTests" name="shouldfindUsersByFirstnameForSpELExpressionOnlyWithParameterNameVariableReference" time="0.012"/>
  <testcase classname="org.springframework.data.jpa.repository.UserRepositoryTests" name="deleteEmptyCollectionDoesNotDeleteAnything" time="0.011"/>
  <testcase classname="org.springframework.data.jpa.repository.UserRepositoryTests" name="returnsSameListIfNoSortIsGiven" time="0.013"/>
  <testcase classname="org.springframework.data.jpa.repository.UserRepositoryTests" name="findByElementCollectionAttribute" time="0.015"/>
  <testcase classname="org.springframework.data.jpa.repository.UserRepositoryTests" name="testPreventsCascadingRolePersisting" time="0.011"/>
  <testcase classname="org.springframework.data.jpa.repository.UserRepositoryTests" name="findAllByExampleWithStartingStringMatcher" time="0.012"/>
  <testcase classname="org.springframework.data.jpa.repository.UserRepositoryTests" name="testFinderInvocationWithNullParameter" time="0.012"/>
  <testcase classname="org.springframework.data.jpa.repository.UserRepositoryTests" name="findOldestUser" time="0.013"/>
  <testcase classname="org.springframework.data.jpa.repository.UserRepositoryTests" name="findPaginatedNamedQueryWithCountQueryProjection" time="0.013"/>
  <testcase classname="org.springframework.data.jpa.repository.UserRepositoryTests" name="executesFinderWithFalseKeywordCorrectly" time="0.012"/>
  <testcase classname="org.springframework.data.jpa.repository.UserRepositoryTests" name="findByEmptyCollectionOfStrings" time="0.013"/>
  <testcase classname="org.springframework.data.jpa.repository.UserRepositoryTests" name="supportsJava8StreamForPageableMethod" time="0.014"/>
</testsuite>