<?xml version="1.0" encoding="UTF-8"?>
<testsuite name="com.dwl.services.AppTest" tests="1" skipped="0" failures="0" errors="0" timestamp="2016-01-20T06:17:15" hostname="BLRSANANT55941" time="0.001">
  <properties/>
  <testcase name="testApp" classname="com.dwl.services.AppTest" time="0.001"/>
  <system-out><![CDATA[]]></system-out>
  <system-err><![CDATA[]]></system-err>
</testsuite>
